<?xml version="1.0" encoding="UTF-8"?>
<!-- Generated by org.testng.reporters.JUnitReportReporter -->
<testsuite hostname="DESKTOP-1THNATK" failures="0" tests="3" name="Test.Day2" time="0.019" errors="0" timestamp="2023-07-18T16:22:14 IST" skipped="0">
  <testcase classname="Test.Day2" name="plan" time="0.011"/>
  <testcase classname="Test.Day2" name="plan" time="0.005"/>
  <testcase classname="Test.Day2" name="plan" time="0.003"/>
</testsuite> <!-- Test.Day2 -->
