<?xml version="1.0" encoding="UTF-8"?>
<!-- Generated by org.testng.reporters.JUnitReportReporter -->
<testsuite hostname="DESKTOP-1THNATK" failures="0" tests="3" name="Test.Day4" time="0.018" errors="0" timestamp="2023-07-18T13:20:11 IST" skipped="0">
  <testcase classname="Test.Day4" name="WebLoginHomeloan" time="0.014"/>
  <testcase classname="Test.Day4" name="MobileLoginHomeloan" time="0.002"/>
  <testcase classname="Test.Day4" name="LoginApiHomeloan" time="0.002"/>
</testsuite> <!-- Test.Day4 -->
