<?xml version="1.0" encoding="UTF-8"?>
<!-- Generated by org.testng.reporters.JUnitReportReporter -->
<testsuite hostname="DESKTOP-1THNATK" failures="0" tests="4" name="Test.Day3" time="0.032" errors="0" timestamp="2023-07-18T14:22:54 IST" skipped="0">
  <testcase classname="Test.Day3" name="WebLoginCarloan" time="0.008"/>
  <testcase classname="Test.Day3" name="MobileLoginCarloan2" time="0.017"/>
  <testcase classname="Test.Day3" name="MobileLoginCarloan3" time="0.004"/>
  <testcase classname="Test.Day3" name="MobileLoginCarloan" time="0.003"/>
</testsuite> <!-- Test.Day3 -->
