<?xml version="1.0" encoding="UTF-8"?>
<!-- Generated by org.testng.reporters.JUnitReportReporter -->
<testsuite hostname="DESKTOP-1THNATK" failures="0" tests="2" name="Test.Day1" time="0.020" errors="0" timestamp="2023-07-18T14:22:54 IST" skipped="0">
  <testcase classname="Test.Day1" name="demo" time="0.014"/>
  <testcase classname="Test.Day1" name="demo1" time="0.006"/>
</testsuite> <!-- Test.Day1 -->
